<?xml version="1.0" encoding="UTF-8"?>
<!-- Generated by org.testng.reporters.JUnitReportReporter -->
<testsuite hostname="IMGT440" name="Jenkins.DemoJob" tests="1" failures="0" timestamp="25 Feb 2016 03:40:15 GMT" time="12.213" errors="0">
  <testcase name="demoJob" time="12.213" classname="Jenkins.DemoJob"/>
</testsuite> <!-- Jenkins.DemoJob -->
